[debug] [2025-04-27T21:21:53.299Z] ----------------------------------------------------------------------
[debug] [2025-04-27T21:21:53.302Z] Command:       C:\Program Files\nodejs\node.exe C:\Users\Youssef\AppData\Roaming\npm\node_modules\firebase-tools\lib\bin\firebase.js init
[debug] [2025-04-27T21:21:53.302Z] CLI Version:   14.2.1
[debug] [2025-04-27T21:21:53.302Z] Platform:      win32
[debug] [2025-04-27T21:21:53.302Z] Node Version:  v22.15.0
[debug] [2025-04-27T21:21:53.303Z] Time:          Sun Apr 27 2025 22:21:53 GMT+0100 (UTC+01:00)
[debug] [2025-04-27T21:21:53.303Z] ----------------------------------------------------------------------
[debug] 
[debug] [2025-04-27T21:21:53.307Z] >>> [apiv2][query] GET https://firebase-public.firebaseio.com/cli.json [none]
[debug] [2025-04-27T21:21:53.597Z] > command requires scopes: ["email","openid","https://www.googleapis.com/auth/cloudplatformprojects.readonly","https://www.googleapis.com/auth/firebase","https://www.googleapis.com/auth/cloud-platform"]
[debug] [2025-04-27T21:21:53.598Z] > authorizing via signed-in user (youssfelmadani@gmail.com)
[info] 
     ######## #### ########  ######## ########     ###     ######  ########
     ##        ##  ##     ## ##       ##     ##  ##   ##  ##       ##
     ######    ##  ########  ######   ########  #########  ######  ######
     ##        ##  ##    ##  ##       ##     ## ##     ##       ## ##
     ##       #### ##     ## ######## ########  ##     ##  ######  ########

You're about to initialize a Firebase project in this directory:

  C:\Users\Youssef\Application-d-article-ENAA

Before we get started, keep in mind:

  * You are initializing within an existing Firebase project directory

[debug] [2025-04-27T21:21:54.221Z] <<< [apiv2][status] GET https://firebase-public.firebaseio.com/cli.json 200
[debug] [2025-04-27T21:21:54.221Z] <<< [apiv2][body] GET https://firebase-public.firebaseio.com/cli.json {"cloudBuildErrorAfter":1594252800000,"cloudBuildWarnAfter":1590019200000,"defaultNode10After":1594252800000,"minVersion":"3.0.5","node8DeploysDisabledAfter":1613390400000,"node8RuntimeDisabledAfter":1615809600000,"node8WarnAfter":1600128000000}
[info] 
=== Project Setup
[info] 
[info] First, let's associate this project directory with a Firebase project.
[info] You can create multiple project aliases by running firebase use --add, 
[info] but for now we'll just set up a default project.
[info] 
[debug] [2025-04-27T21:22:14.992Z] Using project from CLI flag: enaa-blog-fa8d4
[debug] [2025-04-27T21:22:14.993Z] Checked if tokens are valid: false, expires at: 1745600237562
[debug] [2025-04-27T21:22:14.993Z] Checked if tokens are valid: false, expires at: 1745600237562
[debug] [2025-04-27T21:22:14.994Z] > refreshing access token with scopes: []
[debug] [2025-04-27T21:22:14.995Z] >>> [apiv2][query] POST https://www.googleapis.com/oauth2/v3/token [none]
[debug] [2025-04-27T21:22:14.995Z] >>> [apiv2][body] POST https://www.googleapis.com/oauth2/v3/token [omitted]
[debug] [2025-04-27T21:22:15.334Z] <<< [apiv2][status] POST https://www.googleapis.com/oauth2/v3/token 200
[debug] [2025-04-27T21:22:15.334Z] <<< [apiv2][body] POST https://www.googleapis.com/oauth2/v3/token [omitted]
[debug] [2025-04-27T21:22:15.352Z] >>> [apiv2][query] GET https://firebase.googleapis.com/v1beta1/projects/enaa-blog-fa8d4 [none]
[debug] [2025-04-27T21:22:16.020Z] <<< [apiv2][status] GET https://firebase.googleapis.com/v1beta1/projects/enaa-blog-fa8d4 200
[debug] [2025-04-27T21:22:16.021Z] <<< [apiv2][body] GET https://firebase.googleapis.com/v1beta1/projects/enaa-blog-fa8d4 {"projectId":"enaa-blog-fa8d4","projectNumber":"499755113887","displayName":"ENAA Blog","name":"projects/enaa-blog-fa8d4","resources":{"hostingSite":"enaa-blog-fa8d4"},"state":"ACTIVE","etag":"1_98a1aefc-1156-4f30-9913-402beee4ce0c"}
[info] i  Using project enaa-blog-fa8d4 (ENAA Blog) 
[info] 
=== Dataconnect Setup
[debug] [2025-04-27T21:22:16.029Z] Checked if tokens are valid: true, expires at: 1745792534334
[debug] [2025-04-27T21:22:16.030Z] Checked if tokens are valid: true, expires at: 1745792534334
[debug] [2025-04-27T21:22:16.030Z] >>> [apiv2][query] GET https://cloudbilling.googleapis.com/v1/projects/enaa-blog-fa8d4/billingInfo [none]
[debug] [2025-04-27T21:22:17.042Z] <<< [apiv2][status] GET https://cloudbilling.googleapis.com/v1/projects/enaa-blog-fa8d4/billingInfo 200
[debug] [2025-04-27T21:22:17.043Z] <<< [apiv2][body] GET https://cloudbilling.googleapis.com/v1/projects/enaa-blog-fa8d4/billingInfo {"name":"projects/enaa-blog-fa8d4/billingInfo","projectId":"enaa-blog-fa8d4","billingAccountName":"","billingEnabled":false}
[info] i  dataconnect: ensuring required API sqladmin.googleapis.com is enabled... 
[debug] [2025-04-27T21:22:17.044Z] Checked if tokens are valid: true, expires at: 1745792534334
[debug] [2025-04-27T21:22:17.044Z] Checked if tokens are valid: true, expires at: 1745792534334
[debug] [2025-04-27T21:22:17.045Z] >>> [apiv2][query] GET https://serviceusage.googleapis.com/v1/projects/enaa-blog-fa8d4/services/sqladmin.googleapis.com [none]
[debug] [2025-04-27T21:22:17.045Z] >>> [apiv2][(partial)header] GET https://serviceusage.googleapis.com/v1/projects/enaa-blog-fa8d4/services/sqladmin.googleapis.com x-goog-quota-user=projects/enaa-blog-fa8d4
[debug] [2025-04-27T21:22:18.279Z] <<< [apiv2][status] GET https://serviceusage.googleapis.com/v1/projects/enaa-blog-fa8d4/services/sqladmin.googleapis.com 200
[debug] [2025-04-27T21:22:18.279Z] <<< [apiv2][body] GET https://serviceusage.googleapis.com/v1/projects/enaa-blog-fa8d4/services/sqladmin.googleapis.com [omitted]
[info] +  dataconnect: required API sqladmin.googleapis.com is enabled 
[info] i  dataconnect\dataconnect.yaml is unchanged 
[info] i  dataconnect\schema\schema.gql is unchanged 
[info] +  Wrote dataconnect\connector\connector.yaml 
[info] i  dataconnect\connector\queries.gql is unchanged 
[info] i  dataconnect\connector\mutations.gql is unchanged 
[info] +  Detected WEB app in directory C:\Users\Youssef\Application-d-article-ENAA 
[info] i  Detected angular app. Enabling angular generated SDKs. 
[info] i  Writing your new SDK configuration to C:\Users\Youssef\Application-d-article-ENAA\dataconnect\connector/connector.yaml 
[info] +  Wrote dataconnect\connector\connector.yaml 
[debug] [2025-04-27T21:22:30.436Z] defaultcredentials: writing to file C:\Users\Youssef\AppData\Roaming\firebase\youssfelmadani_gmail_com_application_default_credentials.json
[debug] [2025-04-27T21:22:30.440Z] Setting GAC to C:\Users\Youssef\AppData\Roaming\firebase\youssfelmadani_gmail_com_application_default_credentials.json {"metadata":{"emulator":{"name":"dataconnect"},"message":"Setting GAC to C:\\Users\\Youssef\\AppData\\Roaming\\firebase\\youssfelmadani_gmail_com_application_default_credentials.json"}}
[info] I0427 22:22:30.826637   30928 codegen.go:82] [connector "default" javascriptSdk] Generating sources into "C:\\Users\\Youssef\\Application-d-article-ENAA\\dataconnect-generated\\js\\default-connector"
I0427 22:22:30.852063   30928 generate.go:40] Generated all sources. Writing them to disk...
I0427 22:22:30.862275   30928 collector.go:107] connector "default" javascriptSdk wrote into "C:\\Users\\Youssef\\Application-d-article-ENAA\\dataconnect-generated\\js\\default-connector"
Generated sources: index.d.ts [246B] esm\package.json [17B] README.md [2774B] angular\index.cjs.js [1B] angular\esm\index.esm.js [0B] esm\index.esm.js [129B] index.cjs.js [164B] package.json [872B] angular\index.d.ts [0B] angular\package.json [661B] angular\esm\package.json [17B] 
I0427 22:22:30.863306   30928 collector.go:114] connector "default" javascriptSdk deleted obsolete file "C:\\Users\\Youssef\\Application-d-article-ENAA\\dataconnect-generated\\js\\default-connector\\react\\README.md"
I0427 22:22:30.863817   30928 collector.go:114] connector "default" javascriptSdk deleted obsolete file "C:\\Users\\Youssef\\Application-d-article-ENAA\\dataconnect-generated\\js\\default-connector\\react\\esm\\index.esm.js"
I0427 22:22:30.864801   30928 collector.go:114] connector "default" javascriptSdk deleted obsolete file "C:\\Users\\Youssef\\Application-d-article-ENAA\\dataconnect-generated\\js\\default-connector\\react\\esm\\package.json"
I0427 22:22:30.865311   30928 collector.go:114] connector "default" javascriptSdk deleted obsolete file "C:\\Users\\Youssef\\Application-d-article-ENAA\\dataconnect-generated\\js\\default-connector\\react\\index.cjs.js"
I0427 22:22:30.868387   30928 collector.go:114] connector "default" javascriptSdk deleted obsolete file "C:\\Users\\Youssef\\Application-d-article-ENAA\\dataconnect-generated\\js\\default-connector\\react\\index.d.ts"
I0427 22:22:30.869049   30928 collector.go:114] connector "default" javascriptSdk deleted obsolete file "C:\\Users\\Youssef\\Application-d-article-ENAA\\dataconnect-generated\\js\\default-connector\\react\\package.json"
I0427 22:22:30.933993   30928 installsdk.go:80] Running command: C:\Program Files\nodejs\npm.cmd install file:dataconnect-generated\js\default-connector

[info] i  Generated SDK code for default 
[info] i  Run `npm i --save @angular/fire @tanstack-query-firebase/angular @tanstack/angular-query-experimental` to install angular sdk dependencies.
Visit https://github.com/invertase/tanstack-query-firebase/tree/main/packages/angular for more information on how to set up Angular Generated SDKs for Firebase Data Connect 
[info] +  If you'd like to add more generated SDKs to your app your later, run firebase init dataconnect:sdk again 
[info] i  If you'd like to provision a CloudSQL Postgres instance on the Firebase Data Connect no-cost trial:
1. Please upgrade to the pay-as-you-go (Blaze) billing plan. Visit the following page:
     https://console.firebase.google.com/project/enaa-blog-fa8d4/usage/details
2. Run firebase init dataconnect again to configure the Cloud SQL instance.
3. Run firebase deploy --only dataconnect to deploy your Data Connect service. 
[info] 
=== Firestore Setup
[debug] [2025-04-27T21:22:34.577Z] Checked if tokens are valid: true, expires at: 1745792534334
[debug] [2025-04-27T21:22:34.577Z] Checked if tokens are valid: true, expires at: 1745792534334
[debug] [2025-04-27T21:22:34.577Z] >>> [apiv2][query] GET https://serviceusage.googleapis.com/v1/projects/enaa-blog-fa8d4/services/firestore.googleapis.com [none]
[debug] [2025-04-27T21:22:34.577Z] >>> [apiv2][(partial)header] GET https://serviceusage.googleapis.com/v1/projects/enaa-blog-fa8d4/services/firestore.googleapis.com x-goog-quota-user=projects/enaa-blog-fa8d4
[debug] [2025-04-27T21:22:35.714Z] <<< [apiv2][status] GET https://serviceusage.googleapis.com/v1/projects/enaa-blog-fa8d4/services/firestore.googleapis.com 200
[debug] [2025-04-27T21:22:35.714Z] <<< [apiv2][body] GET https://serviceusage.googleapis.com/v1/projects/enaa-blog-fa8d4/services/firestore.googleapis.com [omitted]
[debug] [2025-04-27T21:22:35.715Z] Checked if tokens are valid: true, expires at: 1745792534334
[debug] [2025-04-27T21:22:35.715Z] Checked if tokens are valid: true, expires at: 1745792534334
[debug] [2025-04-27T21:22:35.715Z] >>> [apiv2][query] GET https://firestore.googleapis.com/v1/projects/enaa-blog-fa8d4/databases/(default) [none]
[debug] [2025-04-27T21:22:36.722Z] <<< [apiv2][status] GET https://firestore.googleapis.com/v1/projects/enaa-blog-fa8d4/databases/(default) 200
[debug] [2025-04-27T21:22:36.723Z] <<< [apiv2][body] GET https://firestore.googleapis.com/v1/projects/enaa-blog-fa8d4/databases/(default) {"name":"projects/enaa-blog-fa8d4/databases/(default)","uid":"bdbdde99-4403-4879-9db2-f7cc7ab49f52","createTime":"2025-04-25T16:13:39.223213Z","updateTime":"2025-04-25T16:13:39.223213Z","locationId":"nam5","type":"FIRESTORE_NATIVE","concurrencyMode":"PESSIMISTIC","versionRetentionPeriod":"3600s","earliestVersionTime":"2025-04-27T20:22:36.603295Z","appEngineIntegrationMode":"DISABLED","keyPrefix":"s","pointInTimeRecoveryEnablement":"POINT_IN_TIME_RECOVERY_DISABLED","deleteProtectionState":"DELETE_PROTECTION_DISABLED","databaseEdition":"STANDARD","freeTier":true,"etag":"IMbi8dSS+YwDMIq1mYLK84wD"}
[debug] [2025-04-27T21:22:36.723Z] database_type: FIRESTORE_NATIVE
[debug] [2025-04-27T21:22:36.723Z] database_type: FIRESTORE_NATIVE
[debug] [2025-04-27T21:22:36.723Z] > command requires scopes: ["email","openid","https://www.googleapis.com/auth/cloudplatformprojects.readonly","https://www.googleapis.com/auth/firebase","https://www.googleapis.com/auth/cloud-platform"]
[debug] [2025-04-27T21:22:36.724Z] > authorizing via signed-in user (youssfelmadani@gmail.com)
[debug] [2025-04-27T21:22:36.724Z] [iam] checking project enaa-blog-fa8d4 for permissions ["firebase.projects.get"]
[debug] [2025-04-27T21:22:36.724Z] Checked if tokens are valid: true, expires at: 1745792534334
[debug] [2025-04-27T21:22:36.724Z] Checked if tokens are valid: true, expires at: 1745792534334
[debug] [2025-04-27T21:22:36.724Z] >>> [apiv2][query] POST https://cloudresourcemanager.googleapis.com/v1/projects/enaa-blog-fa8d4:testIamPermissions [none]
[debug] [2025-04-27T21:22:36.725Z] >>> [apiv2][(partial)header] POST https://cloudresourcemanager.googleapis.com/v1/projects/enaa-blog-fa8d4:testIamPermissions x-goog-quota-user=projects/enaa-blog-fa8d4
[debug] [2025-04-27T21:22:36.725Z] >>> [apiv2][body] POST https://cloudresourcemanager.googleapis.com/v1/projects/enaa-blog-fa8d4:testIamPermissions {"permissions":["firebase.projects.get"]}
[debug] [2025-04-27T21:22:37.662Z] <<< [apiv2][status] POST https://cloudresourcemanager.googleapis.com/v1/projects/enaa-blog-fa8d4:testIamPermissions 200
[debug] [2025-04-27T21:22:37.662Z] <<< [apiv2][body] POST https://cloudresourcemanager.googleapis.com/v1/projects/enaa-blog-fa8d4:testIamPermissions {"permissions":["firebase.projects.get"]}
[info] 
[info] Firestore Security Rules allow you to define how and when to allow
[info] requests. You can keep these rules in your project directory
[info] and publish them with firebase deploy.
[info] 
[debug] [2025-04-27T21:22:42.032Z] Checked if tokens are valid: true, expires at: 1745792534334
[debug] [2025-04-27T21:22:42.032Z] Checked if tokens are valid: true, expires at: 1745792534334
[debug] [2025-04-27T21:22:42.032Z] >>> [apiv2][query] GET https://firebaserules.googleapis.com/v1/projects/enaa-blog-fa8d4/releases pageSize=10&pageToken=
[debug] [2025-04-27T21:22:42.694Z] <<< [apiv2][status] GET https://firebaserules.googleapis.com/v1/projects/enaa-blog-fa8d4/releases 200
[debug] [2025-04-27T21:22:42.694Z] <<< [apiv2][body] GET https://firebaserules.googleapis.com/v1/projects/enaa-blog-fa8d4/releases {"releases":[{"name":"projects/enaa-blog-fa8d4/releases/cloud.firestore","rulesetName":"projects/enaa-blog-fa8d4/rulesets/7a87faad-4d65-4e2a-aa3c-2b13f35949b3","createTime":"2025-04-25T16:13:43.138451Z","updateTime":"2025-04-25T16:13:43.138451Z"}]}
[debug] [2025-04-27T21:22:42.695Z] Found ruleset: projects/enaa-blog-fa8d4/rulesets/7a87faad-4d65-4e2a-aa3c-2b13f35949b3
[debug] [2025-04-27T21:22:42.695Z] Checked if tokens are valid: true, expires at: 1745792534334
[debug] [2025-04-27T21:22:42.695Z] Checked if tokens are valid: true, expires at: 1745792534334
[debug] [2025-04-27T21:22:42.695Z] >>> [apiv2][query] GET https://firebaserules.googleapis.com/v1/projects/enaa-blog-fa8d4/rulesets/7a87faad-4d65-4e2a-aa3c-2b13f35949b3 [none]
[debug] [2025-04-27T21:22:43.497Z] <<< [apiv2][status] GET https://firebaserules.googleapis.com/v1/projects/enaa-blog-fa8d4/rulesets/7a87faad-4d65-4e2a-aa3c-2b13f35949b3 200
[debug] [2025-04-27T21:22:43.497Z] <<< [apiv2][body] GET https://firebaserules.googleapis.com/v1/projects/enaa-blog-fa8d4/rulesets/7a87faad-4d65-4e2a-aa3c-2b13f35949b3 [omitted]
[info] 
[info] Firestore indexes allow you to perform complex queries while
[info] maintaining performance that scales with the size of the result
[info] set. You can keep index definitions in your project directory
[info] and publish them with firebase deploy.
[info] 
[debug] [2025-04-27T21:22:47.163Z] Checked if tokens are valid: true, expires at: 1745792534334
[debug] [2025-04-27T21:22:47.163Z] Checked if tokens are valid: true, expires at: 1745792534334
[debug] [2025-04-27T21:22:47.163Z] Checked if tokens are valid: true, expires at: 1745792534334
[debug] [2025-04-27T21:22:47.163Z] Checked if tokens are valid: true, expires at: 1745792534334
[debug] [2025-04-27T21:22:47.163Z] >>> [apiv2][query] GET https://firestore.googleapis.com/v1/projects/enaa-blog-fa8d4/databases/(default)/collectionGroups/-/indexes [none]
[debug] [2025-04-27T21:22:47.166Z] >>> [apiv2][query] GET https://firestore.googleapis.com/v1/projects/enaa-blog-fa8d4/databases/(default)/collectionGroups/-/fields?filter=indexConfig.usesAncestorConfig=false OR ttlConfig:* [none]
[debug] [2025-04-27T21:22:48.116Z] <<< [apiv2][status] GET https://firestore.googleapis.com/v1/projects/enaa-blog-fa8d4/databases/(default)/collectionGroups/-/indexes 200
[debug] [2025-04-27T21:22:48.117Z] <<< [apiv2][body] GET https://firestore.googleapis.com/v1/projects/enaa-blog-fa8d4/databases/(default)/collectionGroups/-/indexes {}
[debug] [2025-04-27T21:22:48.118Z] <<< [apiv2][status] GET https://firestore.googleapis.com/v1/projects/enaa-blog-fa8d4/databases/(default)/collectionGroups/-/fields?filter=indexConfig.usesAncestorConfig=false OR ttlConfig:* 200
[debug] [2025-04-27T21:22:48.118Z] <<< [apiv2][body] GET https://firestore.googleapis.com/v1/projects/enaa-blog-fa8d4/databases/(default)/collectionGroups/-/fields?filter=indexConfig.usesAncestorConfig=false OR ttlConfig:* {"fields":[{"name":"projects/enaa-blog-fa8d4/databases/(default)/collectionGroups/__default__/fields/*","indexConfig":{"indexes":[{"queryScope":"COLLECTION","fields":[{"fieldPath":"*","order":"ASCENDING"}],"state":"READY"},{"queryScope":"COLLECTION","fields":[{"fieldPath":"*","order":"DESCENDING"}],"state":"READY"},{"queryScope":"COLLECTION","fields":[{"fieldPath":"*","arrayConfig":"CONTAINS"}],"state":"READY"}]}}]}
[info] 
=== Functions Setup
[debug] [2025-04-27T21:22:48.123Z] > command requires scopes: ["email","openid","https://www.googleapis.com/auth/cloudplatformprojects.readonly","https://www.googleapis.com/auth/firebase","https://www.googleapis.com/auth/cloud-platform"]
[debug] [2025-04-27T21:22:48.123Z] > authorizing via signed-in user (youssfelmadani@gmail.com)
[debug] [2025-04-27T21:22:48.123Z] [iam] checking project enaa-blog-fa8d4 for permissions ["firebase.projects.get"]
[debug] [2025-04-27T21:22:48.123Z] Checked if tokens are valid: true, expires at: 1745792534334
[debug] [2025-04-27T21:22:48.123Z] Checked if tokens are valid: true, expires at: 1745792534334
[debug] [2025-04-27T21:22:48.124Z] >>> [apiv2][query] POST https://cloudresourcemanager.googleapis.com/v1/projects/enaa-blog-fa8d4:testIamPermissions [none]
[debug] [2025-04-27T21:22:48.124Z] >>> [apiv2][(partial)header] POST https://cloudresourcemanager.googleapis.com/v1/projects/enaa-blog-fa8d4:testIamPermissions x-goog-quota-user=projects/enaa-blog-fa8d4
[debug] [2025-04-27T21:22:48.124Z] >>> [apiv2][body] POST https://cloudresourcemanager.googleapis.com/v1/projects/enaa-blog-fa8d4:testIamPermissions {"permissions":["firebase.projects.get"]}
[debug] [2025-04-27T21:22:48.947Z] <<< [apiv2][status] POST https://cloudresourcemanager.googleapis.com/v1/projects/enaa-blog-fa8d4:testIamPermissions 200
[debug] [2025-04-27T21:22:48.947Z] <<< [apiv2][body] POST https://cloudresourcemanager.googleapis.com/v1/projects/enaa-blog-fa8d4:testIamPermissions {"permissions":["firebase.projects.get"]}
[debug] [2025-04-27T21:22:48.948Z] Checked if tokens are valid: true, expires at: 1745792534334
[debug] [2025-04-27T21:22:48.948Z] Checked if tokens are valid: true, expires at: 1745792534334
[debug] [2025-04-27T21:22:48.948Z] Checked if tokens are valid: true, expires at: 1745792534334
[debug] [2025-04-27T21:22:48.948Z] Checked if tokens are valid: true, expires at: 1745792534334
[debug] [2025-04-27T21:22:48.949Z] >>> [apiv2][query] GET https://serviceusage.googleapis.com/v1/projects/enaa-blog-fa8d4/services/cloudfunctions.googleapis.com [none]
[debug] [2025-04-27T21:22:48.949Z] >>> [apiv2][(partial)header] GET https://serviceusage.googleapis.com/v1/projects/enaa-blog-fa8d4/services/cloudfunctions.googleapis.com x-goog-quota-user=projects/enaa-blog-fa8d4
[debug] [2025-04-27T21:22:48.952Z] >>> [apiv2][query] GET https://serviceusage.googleapis.com/v1/projects/enaa-blog-fa8d4/services/runtimeconfig.googleapis.com [none]
[debug] [2025-04-27T21:22:48.952Z] >>> [apiv2][(partial)header] GET https://serviceusage.googleapis.com/v1/projects/enaa-blog-fa8d4/services/runtimeconfig.googleapis.com x-goog-quota-user=projects/enaa-blog-fa8d4
[debug] [2025-04-27T21:22:49.946Z] <<< [apiv2][status] GET https://serviceusage.googleapis.com/v1/projects/enaa-blog-fa8d4/services/runtimeconfig.googleapis.com 200
[debug] [2025-04-27T21:22:49.947Z] <<< [apiv2][body] GET https://serviceusage.googleapis.com/v1/projects/enaa-blog-fa8d4/services/runtimeconfig.googleapis.com [omitted]
[debug] [2025-04-27T21:22:49.951Z] <<< [apiv2][status] GET https://serviceusage.googleapis.com/v1/projects/enaa-blog-fa8d4/services/cloudfunctions.googleapis.com 200
[debug] [2025-04-27T21:22:49.951Z] <<< [apiv2][body] GET https://serviceusage.googleapis.com/v1/projects/enaa-blog-fa8d4/services/cloudfunctions.googleapis.com [omitted]
[debug] [2025-04-27T21:22:49.952Z] Checked if tokens are valid: true, expires at: 1745792534334
[debug] [2025-04-27T21:22:49.953Z] Checked if tokens are valid: true, expires at: 1745792534334
[debug] [2025-04-27T21:22:49.953Z] >>> [apiv2][query] POST https://serviceusage.googleapis.com/v1/projects/enaa-blog-fa8d4/services/cloudfunctions.googleapis.com:enable [none]
[debug] [2025-04-27T21:22:49.953Z] >>> [apiv2][(partial)header] POST https://serviceusage.googleapis.com/v1/projects/enaa-blog-fa8d4/services/cloudfunctions.googleapis.com:enable x-goog-quota-user=projects/enaa-blog-fa8d4
[debug] [2025-04-27T21:22:50.639Z] <<< [apiv2][status] POST https://serviceusage.googleapis.com/v1/projects/enaa-blog-fa8d4/services/cloudfunctions.googleapis.com:enable 200
[debug] [2025-04-27T21:22:50.639Z] <<< [apiv2][body] POST https://serviceusage.googleapis.com/v1/projects/enaa-blog-fa8d4/services/cloudfunctions.googleapis.com:enable [omitted]
[debug] [2025-04-27T21:23:00.649Z] Checked if tokens are valid: true, expires at: 1745792534334
[debug] [2025-04-27T21:23:00.650Z] Checked if tokens are valid: true, expires at: 1745792534334
[debug] [2025-04-27T21:23:00.650Z] >>> [apiv2][query] GET https://serviceusage.googleapis.com/v1/projects/enaa-blog-fa8d4/services/cloudfunctions.googleapis.com [none]
[debug] [2025-04-27T21:23:00.650Z] >>> [apiv2][(partial)header] GET https://serviceusage.googleapis.com/v1/projects/enaa-blog-fa8d4/services/cloudfunctions.googleapis.com x-goog-quota-user=projects/enaa-blog-fa8d4
[debug] [2025-04-27T21:23:01.725Z] <<< [apiv2][status] GET https://serviceusage.googleapis.com/v1/projects/enaa-blog-fa8d4/services/cloudfunctions.googleapis.com 200
[debug] [2025-04-27T21:23:01.725Z] <<< [apiv2][body] GET https://serviceusage.googleapis.com/v1/projects/enaa-blog-fa8d4/services/cloudfunctions.googleapis.com [omitted]
[info] Let's create a new codebase for your functions.
[info] A directory corresponding to the codebase will be created in your project
[info] with sample code pre-configured.

[info] See https://firebase.google.com/docs/functions/organize-functions for
[info] more information on organizing your functions using codebases.

[info] Functions can be deployed with firebase deploy.

[info] +  Wrote functions/package.json 
[info] +  Wrote functions/.eslintrc.js 
[info] +  Wrote functions/tsconfig.json 
[info] +  Wrote functions/tsconfig.dev.json 
[info] +  Wrote functions/src/index.ts 
[info] +  Wrote functions/.gitignore 
